<?xml version="1.0" encoding="UTF-8"?>
<testng-results ignored="0" total="1" passed="1" failed="0" skipped="0">
  <reporter-output>
    <line>
      <![CDATA[hello]]>
    </line>
  </reporter-output>
  <suite started-at="2024-12-03T12:04:09 IST" name="Default suite" finished-at="2024-12-03T12:04:09 IST" duration-ms="69">
    <groups>
    </groups>
    <test started-at="2024-12-03T12:04:09 IST" name="Default test" finished-at="2024-12-03T12:04:09 IST" duration-ms="69">
      <class name="testng.Script01">
        <test-method signature="testcase()[pri:0, instance:testng.Script01@7133da86]" started-at="2024-12-03T12:04:09 IST" name="testcase" finished-at="2024-12-03T12:04:09 IST" duration-ms="17" status="PASS">
          <reporter-output>
            <line>
              <![CDATA[hello]]>
            </line>
          </reporter-output>
        </test-method> <!-- testcase -->
      </class> <!-- testng.Script01 -->
    </test> <!-- Default test -->
  </suite> <!-- Default suite -->
</testng-results>
